<?xml version="1.0" encoding="UTF-8"?>
<!-- Generated by org.testng.reporters.JUnitXMLReporter -->
<testsuite hostname="Admin-PC" name="Default test" tests="3" failures="0" timestamp="17 Nov 2018 13:57:49 GMT" time="60.424" errors="0">
  <testcase name="predectiveSearch" time="2.724" classname="googleAutomation.SearchEngine"/>
  <testcase name="verifySearch" time="2.616" classname="googleAutomation.SearchEngine"/>
  <testcase name="search" time="3.81" classname="googleAutomation.SearchEngine"/>
</testsuite> <!-- Default test -->
